<?xml version="1.0" encoding="UTF-8"?>
<coverage generated="1749737610126" clover="3.2.0">
  <project timestamp="1749737610126" name="All files">
    <metrics statements="23" coveredstatements="23" conditionals="5" coveredconditionals="4" methods="5" coveredmethods="5" elements="33" coveredelements="32" complexity="0" loc="23" ncloc="23" packages="1" files="1" classes="1"/>
    <file name="Home.tsx" path="D:\work\React\ecommerce-app\src\pages\Home\Home.tsx">
      <metrics statements="23" coveredstatements="23" conditionals="5" coveredconditionals="4" methods="5" coveredmethods="5"/>
      <line num="1" count="1" type="stmt"/>
      <line num="2" count="1" type="stmt"/>
      <line num="3" count="1" type="stmt"/>
      <line num="12" count="1" type="stmt"/>
      <line num="13" count="5" type="stmt"/>
      <line num="14" count="5" type="stmt"/>
      <line num="15" count="5" type="stmt"/>
      <line num="17" count="5" type="stmt"/>
      <line num="18" count="3" type="stmt"/>
      <line num="28" count="3" type="stmt"/>
      <line num="29" count="3" type="stmt"/>
      <line num="30" count="3" type="stmt"/>
      <line num="35" count="3" type="stmt"/>
      <line num="36" count="2" type="cond" truecount="1" falsecount="0"/>
      <line num="37" count="1" type="stmt"/>
      <line num="39" count="1" type="stmt"/>
      <line num="41" count="2" type="cond" truecount="1" falsecount="1"/>
      <line num="43" count="3" type="stmt"/>
      <line num="46" count="3" type="stmt"/>
      <line num="48" count="5" type="cond" truecount="1" falsecount="0"/>
      <line num="49" count="2" type="cond" truecount="1" falsecount="0"/>
      <line num="51" count="1" type="stmt"/>
      <line num="54" count="2" type="stmt"/>
    </file>
  </project>
</coverage>
