{"D:\\work\\React\\ecommerce-app\\src\\pages\\Home.tsx": {"path":"D:\\work\\React\\ecommerce-app\\src\\pages\\Home.tsx","statementMap":{"0":{"start":{"line":12,"column":0},"end":{"line":12,"column":24}},"1":{"start":{"line":1,"column":0},"end":{"line":1,"column":44}},"2":{"start":{"line":2,"column":0},"end":{"line":2,"column":39}},"3":{"start":{"line":3,"column":0},"end":{"line":3,"column":52}},"4":{"start":{"line":13,"column":36},"end":{"line":13,"column":59}},"5":{"start":{"line":14,"column":34},"end":{"line":14,"column":48}},"6":{"start":{"line":15,"column":30},"end":{"line":15,"column":42}},"7":{"start":{"line":17,"column":4},"end":{"line":47,"column":null}},"8":{"start":{"line":18,"column":22},"end":{"line":26,"column":11}},"9":{"start":{"line":28,"column":30},"end":{"line":45,"column":10}},"10":{"start":{"line":28,"column":41},"end":{"line":45,"column":10}},"11":{"start":{"line":29,"column":12},"end":{"line":44,"column":13}},"12":{"start":{"line":30,"column":28},"end":{"line":34,"column":18}},"13":{"start":{"line":35,"column":29},"end":{"line":35,"column":45}},"14":{"start":{"line":36,"column":16},"end":{"line":38,"column":17}},"15":{"start":{"line":37,"column":20},"end":{"line":37,"column":60}},"16":{"start":{"line":39,"column":16},"end":{"line":39,"column":48}},"17":{"start":{"line":41,"column":16},"end":{"line":41,"column":64}},"18":{"start":{"line":43,"column":16},"end":{"line":43,"column":34}},"19":{"start":{"line":46,"column":8},"end":{"line":46,"column":24}},"20":{"start":{"line":48,"column":4},"end":{"line":48,"column":51}},"21":{"start":{"line":48,"column":17},"end":{"line":48,"column":51}},"22":{"start":{"line":49,"column":2},"end":{"line":49,"column":42}},"23":{"start":{"line":49,"column":13},"end":{"line":49,"column":42}},"24":{"start":{"line":51,"column":2},"end":{"line":57,"column":4}},"25":{"start":{"line":54,"column":8},"end":{"line":54,"column":38}}},"fnMap":{"0":{"name":"Home","decl":{"start":{"line":12,"column":24},"end":{"line":12,"column":28}},"loc":{"start":{"line":12,"column":28},"end":{"line":58,"column":1}}},"1":{"name":"(anonymous_9)","decl":{"start":{"line":17,"column":14},"end":{"line":17,"column":17}},"loc":{"start":{"line":17,"column":19},"end":{"line":47,"column":5}}},"2":{"name":"(anonymous_10)","decl":{"start":{"line":28,"column":30},"end":{"line":28,"column":39}},"loc":{"start":{"line":28,"column":41},"end":{"line":45,"column":10}}},"3":{"name":"(anonymous_11)","decl":{"start":{"line":28,"column":41},"end":{"line":28,"column":null}},"loc":{"start":{"line":28,"column":41},"end":{"line":45,"column":9}}},"4":{"name":"(anonymous_12)","decl":{"start":{"line":53,"column":20},"end":{"line":53,"column":21}},"loc":{"start":{"line":54,"column":8},"end":{"line":54,"column":38}}}},"branchMap":{"0":{"loc":{"start":{"line":36,"column":16},"end":{"line":38,"column":17}},"type":"if","locations":[{"start":{"line":36,"column":16},"end":{"line":38,"column":17}}]},"1":{"loc":{"start":{"line":41,"column":25},"end":{"line":41,"column":62}},"type":"binary-expr","locations":[{"start":{"line":41,"column":25},"end":{"line":41,"column":36}},{"start":{"line":41,"column":40},"end":{"line":41,"column":62}}]},"2":{"loc":{"start":{"line":48,"column":4},"end":{"line":48,"column":51}},"type":"if","locations":[{"start":{"line":48,"column":4},"end":{"line":48,"column":51}}]},"3":{"loc":{"start":{"line":49,"column":2},"end":{"line":49,"column":42}},"type":"if","locations":[{"start":{"line":49,"column":2},"end":{"line":49,"column":42}}]}},"s":{"0":1,"1":1,"2":1,"3":1,"4":5,"5":5,"6":5,"7":5,"8":3,"9":3,"10":3,"11":3,"12":3,"13":3,"14":2,"15":1,"16":1,"17":2,"18":3,"19":3,"20":5,"21":3,"22":2,"23":1,"24":1,"25":2},"f":{"0":5,"1":3,"2":3,"3":3,"4":2},"b":{"0":[1],"1":[2,0],"2":[3],"3":[1]}}
}
