TN:
SF:src\pages\Home.tsx
FN:12,Home
FN:17,(anonymous_9)
FN:28,(anonymous_10)
FN:28,(anonymous_11)
FN:53,(anonymous_12)
FNF:5
FNH:5
FNDA:5,Home
FNDA:3,(anonymous_9)
FNDA:3,(anonymous_10)
FNDA:3,(anonymous_11)
FNDA:2,(anonymous_12)
DA:1,1
DA:2,1
DA:3,1
DA:12,1
DA:13,5
DA:14,5
DA:15,5
DA:17,5
DA:18,3
DA:28,3
DA:29,3
DA:30,3
DA:35,3
DA:36,2
DA:37,1
DA:39,1
DA:41,2
DA:43,3
DA:46,3
DA:48,5
DA:49,2
DA:51,1
DA:54,2
LF:23
LH:23
BRDA:36,0,0,1
BRDA:41,1,0,2
BRDA:41,1,1,0
BRDA:48,2,0,3
BRDA:49,3,0,1
BRF:5
BRH:4
end_of_record
